<?xml version="1.0" encoding="UTF-8"?>
<testng-results skipped="0" failed="0" ignored="0" total="1" passed="1">
  <reporter-output>
  </reporter-output>
  <suite name="Default suite" duration-ms="24916" started-at="2021-09-25T06:50:34Z" finished-at="2021-09-25T06:50:59Z">
    <groups>
    </groups>
    <test name="Default test" duration-ms="24916" started-at="2021-09-25T06:50:34Z" finished-at="2021-09-25T06:50:59Z">
      <class name="com.registerPage.TC5">
        <test-method status="PASS" signature="loginpage()[pri:0, instance:com.registerPage.TC5@28d25987]" name="loginpage" duration-ms="24880" started-at="2021-09-25T12:20:34Z" finished-at="2021-09-25T12:20:59Z">
          <reporter-output>
          </reporter-output>
        </test-method> <!-- loginpage -->
      </class> <!-- com.registerPage.TC5 -->
    </test> <!-- Default test -->
  </suite> <!-- Default suite -->
</testng-results>
